2018-03-27 19:29:00,572 - __main__ - INFO - Starting to read the CSV....
2018-03-27 19:29:00,607 - __main__ - DEBUG - Seperating training and testing data...
2018-03-27 19:29:00,616 - __main__ - DEBUG - Normalising the features data set...
2018-03-27 19:29:00,627 - __main__ - DEBUG - Removing the target field from training data...
2018-03-27 19:29:00,629 - __main__ - DEBUG - Removing the target field from testing data...
2018-03-27 19:29:00,634 - __main__ - INFO - Creating the regrssion and plotter objects....
2018-03-27 19:29:00,641 - __main__ - INFO - Calculating MSE....
2018-03-27 19:29:00,642 - RegressionTechniques - DEBUG - Calculate coeficients for different features...
2018-03-27 19:29:00,644 - RegressionTechniques - DEBUG - Getting MSE Estimate...
2018-03-27 19:29:00,645 - RegressionTechniques - DEBUG - Getting MSE Error...
2018-03-27 19:29:00,645 - RegressionTechniques - DEBUG - Apply co-eff from traing to test data...
2018-03-27 19:29:00,646 - __main__ - INFO - Plotting MSE....
2018-03-27 19:29:00,646 - CustomPlotter - DEBUG - Reading the input args
2018-03-27 19:29:00,905 - __main__ - INFO - Starting to read the CSV....
2018-03-27 19:29:00,938 - CustomPlotter - DEBUG - Reading the input args
2018-03-27 19:29:00,939 - __main__ - DEBUG - Seperating training and testing data...
2018-03-27 19:29:00,944 - __main__ - DEBUG - Normalising the features data set...
2018-03-27 19:29:00,956 - __main__ - DEBUG - Removing the target field from training data...
2018-03-27 19:29:00,958 - __main__ - DEBUG - Removing the target field from testing data...
2018-03-27 19:29:00,962 - __main__ - INFO - Creating the regrssion and plotter objects....
2018-03-27 19:29:00,966 - __main__ - INFO - Calculating MSE....
2018-03-27 19:29:00,967 - RegressionTechniques - DEBUG - Calculate coeficients for different features...
2018-03-27 19:29:00,969 - RegressionTechniques - DEBUG - Getting MSE Estimate...
2018-03-27 19:29:00,969 - RegressionTechniques - DEBUG - Getting MSE Error...
2018-03-27 19:29:00,970 - RegressionTechniques - DEBUG - Apply co-eff from traing to test data...
2018-03-27 19:29:00,970 - __main__ - INFO - Plotting MSE....
2018-03-27 19:29:00,970 - CustomPlotter - DEBUG - Reading the input args
2018-03-27 19:29:01,400 - CustomPlotter - DEBUG - Reading the input args
2018-03-27 19:29:01,447 - CustomPlotter - DEBUG - Reading the input args
2018-03-27 19:29:01,925 - CustomPlotter - DEBUG - Reading the input args
2018-03-27 19:29:02,589 - __main__ - INFO - Calculating Gradient Descent....
2018-03-27 19:29:02,590 - RegressionTechniques - DEBUG - Start loop for gradient descent with stopping condn...
2018-03-27 19:29:02,837 - __main__ - INFO - Calculating Gradient Descent....
2018-03-27 19:29:02,842 - RegressionTechniques - DEBUG - Start loop for gradient descent with stopping condn...
2018-03-27 19:29:05,046 - __main__ - INFO - Plotting Gradient Descent....
2018-03-27 19:29:05,046 - CustomPlotter - DEBUG - Reading the input args
2018-03-27 19:29:05,321 - __main__ - INFO - Plotting Gradient Descent....
2018-03-27 19:29:05,321 - CustomPlotter - DEBUG - Reading the input args
2018-03-27 19:30:59,227 - __main__ - INFO - Starting to read the CSV....
2018-03-27 19:30:59,249 - __main__ - DEBUG - Seperating training and testing data...
2018-03-27 19:30:59,251 - __main__ - DEBUG - Normalising the features data set...
2018-03-27 19:30:59,255 - __main__ - DEBUG - Removing the target field from training data...
2018-03-27 19:30:59,256 - __main__ - DEBUG - Removing the target field from testing data...
2018-03-27 19:30:59,258 - __main__ - INFO - Creating the regrssion and plotter objects....
2018-03-27 19:30:59,260 - __main__ - INFO - Calculating MSE....
2018-03-27 19:30:59,260 - RegressionTechniques - DEBUG - Calculate coeficients for different features...
2018-03-27 19:30:59,262 - RegressionTechniques - DEBUG - Getting MSE Estimate...
2018-03-27 19:30:59,262 - RegressionTechniques - DEBUG - Getting MSE Error...
2018-03-27 19:30:59,263 - RegressionTechniques - DEBUG - Apply co-eff from traing to test data...
2018-03-27 19:30:59,263 - __main__ - INFO - Plotting MSE....
2018-03-27 19:30:59,263 - CustomPlotter - DEBUG - Reading the input args
2018-03-27 19:30:59,354 - CustomPlotter - DEBUG - Reading the input args
2018-03-27 19:30:59,430 - CustomPlotter - DEBUG - Reading the input args
2018-03-27 19:30:59,796 - __main__ - INFO - Calculating Gradient Descent....
2018-03-27 19:30:59,796 - RegressionTechniques - DEBUG - Start loop for gradient descent with stopping condn...
2018-03-27 19:31:00,514 - __main__ - INFO - Plotting Gradient Descent....
2018-03-27 19:31:00,514 - CustomPlotter - DEBUG - Reading the input args
2018-03-27 19:35:25,779 - __main__ - INFO - Starting to read the CSV....
2018-03-27 19:35:25,802 - __main__ - DEBUG - Seperating training and testing data...
2018-03-27 19:35:25,803 - __main__ - DEBUG - Normalising the features data set...
2018-03-27 19:35:25,808 - __main__ - DEBUG - Removing the target field from training data...
2018-03-27 19:35:25,809 - __main__ - DEBUG - Removing the target field from testing data...
2018-03-27 19:35:25,811 - __main__ - INFO - Creating the regrssion and plotter objects....
2018-03-27 19:35:25,813 - __main__ - INFO - Calculating MSE....
2018-03-27 19:35:25,813 - RegressionTechniques - DEBUG - Calculate coeficients for different features...
2018-03-27 19:35:25,815 - RegressionTechniques - DEBUG - Getting MSE Estimate...
2018-03-27 19:35:25,815 - RegressionTechniques - DEBUG - Getting MSE Error...
2018-03-27 19:35:25,815 - RegressionTechniques - DEBUG - Apply co-eff from traing to test data...
2018-03-27 19:35:25,815 - __main__ - INFO - Plotting MSE....
2018-03-27 19:35:25,815 - CustomPlotter - DEBUG - Reading the input args
2018-03-27 19:35:25,905 - CustomPlotter - DEBUG - Reading the input args
2018-03-27 19:35:25,988 - CustomPlotter - DEBUG - Reading the input args
2018-03-27 19:35:26,323 - __main__ - INFO - Calculating Gradient Descent....
2018-03-27 19:35:26,324 - RegressionTechniques - DEBUG - Start loop for gradient descent with stopping condn...
2018-03-27 19:35:28,772 - __main__ - INFO - Plotting Gradient Descent....
2018-03-27 19:35:28,772 - CustomPlotter - DEBUG - Reading the input args
2018-03-27 19:36:13,454 - __main__ - INFO - Starting to read the CSV....
2018-03-27 19:36:13,476 - __main__ - DEBUG - Seperating training and testing data...
2018-03-27 19:36:13,477 - __main__ - DEBUG - Normalising the features data set...
2018-03-27 19:36:13,481 - __main__ - DEBUG - Removing the target field from training data...
2018-03-27 19:36:13,482 - __main__ - DEBUG - Removing the target field from testing data...
2018-03-27 19:36:13,484 - __main__ - INFO - Creating the regrssion and plotter objects....
2018-03-27 19:36:13,487 - __main__ - INFO - Calculating MSE....
2018-03-27 19:36:13,487 - RegressionTechniques - DEBUG - Calculate coeficients for different features...
2018-03-27 19:36:13,489 - RegressionTechniques - DEBUG - Getting MSE Estimate...
2018-03-27 19:36:13,489 - RegressionTechniques - DEBUG - Getting MSE Error...
2018-03-27 19:36:13,489 - RegressionTechniques - DEBUG - Apply co-eff from traing to test data...
2018-03-27 19:36:13,489 - __main__ - INFO - Plotting MSE....
2018-03-27 19:36:13,489 - CustomPlotter - DEBUG - Reading the input args
2018-03-27 19:36:13,582 - CustomPlotter - DEBUG - Reading the input args
2018-03-27 19:36:13,657 - CustomPlotter - DEBUG - Reading the input args
2018-03-27 19:36:13,958 - __main__ - INFO - Calculating Gradient Descent....
2018-03-27 19:36:13,958 - RegressionTechniques - DEBUG - Start loop for gradient descent with stopping condn...
2018-03-27 19:36:15,053 - RegressionTechniques - ERROR - Failed to calculate gradient descent
Traceback (most recent call last):
  File "/mnt/CONTENT/PoliTo - Classes,books and other docs/Semester 3/ICT for Health/Labs/Lab1/RegressionTechniques.py", line 131, in gradientDescent
    print("No.of iterations required to reach stopping condn:"+i)
TypeError: must be str, not int
2018-03-27 19:36:15,054 - __main__ - ERROR - Common failure at main
Traceback (most recent call last):
  File "/mnt/CONTENT/PoliTo - Classes,books and other docs/Semester 3/ICT for Health/Labs/Lab1/Lab1_parkinsons_main.py", line 150, in <module>
    gd.gradientDescent(0.0001,100000,gamma_value)
  File "/mnt/CONTENT/PoliTo - Classes,books and other docs/Semester 3/ICT for Health/Labs/Lab1/RegressionTechniques.py", line 131, in gradientDescent
    print("No.of iterations required to reach stopping condn:"+i)
TypeError: must be str, not int
2018-03-27 19:36:42,537 - __main__ - INFO - Starting to read the CSV....
2018-03-27 19:36:42,560 - __main__ - DEBUG - Seperating training and testing data...
2018-03-27 19:36:42,562 - __main__ - DEBUG - Normalising the features data set...
2018-03-27 19:36:42,566 - __main__ - DEBUG - Removing the target field from training data...
2018-03-27 19:36:42,567 - __main__ - DEBUG - Removing the target field from testing data...
2018-03-27 19:36:42,569 - __main__ - INFO - Creating the regrssion and plotter objects....
2018-03-27 19:36:42,571 - __main__ - INFO - Calculating MSE....
2018-03-27 19:36:42,571 - RegressionTechniques - DEBUG - Calculate coeficients for different features...
2018-03-27 19:36:42,573 - RegressionTechniques - DEBUG - Getting MSE Estimate...
2018-03-27 19:36:42,573 - RegressionTechniques - DEBUG - Getting MSE Error...
2018-03-27 19:36:42,573 - RegressionTechniques - DEBUG - Apply co-eff from traing to test data...
2018-03-27 19:36:42,574 - __main__ - INFO - Plotting MSE....
2018-03-27 19:36:42,574 - CustomPlotter - DEBUG - Reading the input args
2018-03-27 19:36:42,690 - CustomPlotter - DEBUG - Reading the input args
2018-03-27 19:36:42,818 - CustomPlotter - DEBUG - Reading the input args
2018-03-27 19:36:43,105 - __main__ - INFO - Calculating Gradient Descent....
2018-03-27 19:36:43,105 - RegressionTechniques - DEBUG - Start loop for gradient descent with stopping condn...
2018-03-27 19:36:44,367 - RegressionTechniques - DEBUG - No.of iterations required to reach stopping condn:4074
2018-03-27 19:36:44,367 - __main__ - INFO - Plotting Gradient Descent....
2018-03-27 19:36:44,368 - CustomPlotter - DEBUG - Reading the input args
2018-03-27 19:44:18,024 - __main__ - INFO - Starting to read the CSV....
2018-03-27 19:44:18,047 - __main__ - DEBUG - Seperating training and testing data...
2018-03-27 19:44:18,049 - __main__ - DEBUG - Normalising the features data set...
2018-03-27 19:44:18,053 - __main__ - DEBUG - Removing the target field from training data...
2018-03-27 19:44:18,054 - __main__ - DEBUG - Removing the target field from testing data...
2018-03-27 19:44:18,056 - __main__ - INFO - Creating the regrssion and plotter objects....
2018-03-27 19:44:18,057 - __main__ - INFO - Calculating MSE....
2018-03-27 19:44:18,058 - RegressionTechniques - DEBUG - Calculate coeficients for different features...
2018-03-27 19:44:18,059 - RegressionTechniques - DEBUG - Getting MSE Estimate...
2018-03-27 19:44:18,060 - RegressionTechniques - DEBUG - Getting MSE Error...
2018-03-27 19:44:18,060 - RegressionTechniques - DEBUG - Apply co-eff from traing to test data...
2018-03-27 19:44:18,060 - __main__ - INFO - Plotting MSE....
2018-03-27 19:44:18,060 - CustomPlotter - DEBUG - Reading the input args in multiplot_sameX
2018-03-27 19:44:18,060 - CustomPlotter - DEBUG - plotting for key:originalData with Value
2018-03-27 19:44:18,086 - CustomPlotter - DEBUG - plotting for key:estimatedData with Value
2018-03-27 19:44:18,160 - CustomPlotter - DEBUG - Reading the input args in multiplot_sameX
2018-03-27 19:44:18,160 - CustomPlotter - DEBUG - plotting for key:originalData with Value
2018-03-27 19:44:18,184 - CustomPlotter - DEBUG - plotting for key:estimatedData with Value
2018-03-27 19:44:18,238 - CustomPlotter - DEBUG - Reading the input args in multiplot_subHists
2018-03-27 19:44:18,290 - CustomPlotter - DEBUG - plotting for row:0-Col:0
2018-03-27 19:44:18,363 - CustomPlotter - DEBUG - plotting for row:0-Col:1
2018-03-27 19:44:18,538 - __main__ - INFO - Calculating Gradient Descent....
2018-03-27 19:44:18,540 - RegressionTechniques - DEBUG - Start loop for gradient descent with stopping condn...
2018-03-27 19:44:21,259 - RegressionTechniques - DEBUG - No.of iterations required to reach stopping condn:8798
2018-03-27 19:44:21,260 - __main__ - INFO - Plotting Gradient Descent....
2018-03-27 19:44:21,260 - CustomPlotter - DEBUG - Reading the input args in multiplot_sameX
2018-03-27 19:44:21,260 - CustomPlotter - DEBUG - plotting for key:ChangeInW with Value
2018-04-06 23:10:36,375 - __main__ - INFO - Starting to read the CSV....
2018-04-06 23:10:36,445 - __main__ - DEBUG - Seperating training and testing data...
2018-04-06 23:10:36,447 - __main__ - DEBUG - Normalising the features data set...
2018-04-06 23:10:36,457 - __main__ - DEBUG - Removing the target field from training data...
2018-04-06 23:10:36,458 - __main__ - DEBUG - Removing the target field from testing data...
2018-04-06 23:10:36,463 - __main__ - INFO - Creating the regrssion and plotter objects....
2018-04-06 23:10:36,466 - __main__ - INFO - Calculating MSE....
2018-04-06 23:10:36,466 - RegressionTechniques - DEBUG - Calculate coeficients for different features...
2018-04-06 23:10:36,500 - RegressionTechniques - DEBUG - Getting MSE Estimate...
2018-04-06 23:10:36,500 - RegressionTechniques - DEBUG - Getting MSE Error...
2018-04-06 23:10:36,500 - RegressionTechniques - DEBUG - Apply co-eff from traing to test data...
2018-04-06 23:10:36,500 - __main__ - INFO - Plotting MSE....
2018-04-06 23:10:36,501 - CustomPlotter - DEBUG - Reading the input args in multiplot_sameX
2018-04-06 23:10:36,501 - CustomPlotter - DEBUG - plotting for key:originalData with Value
2018-04-06 23:10:36,920 - CustomPlotter - DEBUG - plotting for key:estimatedData with Value
2018-04-06 23:10:45,661 - CustomPlotter - DEBUG - Reading the input args in multiplot_sameX
2018-04-06 23:10:45,662 - CustomPlotter - DEBUG - plotting for key:originalData with Value
2018-04-06 23:10:45,797 - CustomPlotter - DEBUG - plotting for key:estimatedData with Value
2018-04-06 23:10:48,037 - CustomPlotter - DEBUG - Reading the input args in multiplot_subHists
2018-04-06 23:10:48,176 - CustomPlotter - DEBUG - plotting for row:0-Col:0
2018-04-06 23:10:48,233 - CustomPlotter - ERROR - Failed to plot value
Traceback (most recent call last):
  File "E:\PoliTo - Classes,books and other docs\Semester 3\ICT for Health\Labs\Lab1\CustomPlotter.py", line 188, in multiplot_subHists
    ax.hist(values[i], bins=bin_values[i], density=1, facecolor='g')
  File "C:\Program Files (x86)\Python36-32\lib\site-packages\matplotlib\__init__.py", line 1898, in inner
    return func(ax, *args, **kwargs)
  File "C:\Program Files (x86)\Python36-32\lib\site-packages\matplotlib\axes\_axes.py", line 6389, in hist
    p.update(kwargs)
  File "C:\Program Files (x86)\Python36-32\lib\site-packages\matplotlib\artist.py", line 885, in update
    for k, v in props.items()]
  File "C:\Program Files (x86)\Python36-32\lib\site-packages\matplotlib\artist.py", line 885, in <listcomp>
    for k, v in props.items()]
  File "C:\Program Files (x86)\Python36-32\lib\site-packages\matplotlib\artist.py", line 878, in _update_property
    raise AttributeError('Unknown property %s' % k)
AttributeError: Unknown property density
2018-04-06 23:10:48,252 - __main__ - ERROR - Common failure at main
Traceback (most recent call last):
  File "E:/PoliTo - Classes,books and other docs/Semester 3/ICT for Health/Labs/Lab1/Lab1_parkinsons_main.py", line 144, in <module>
    training =mse.error_train,testing=mse.error_test)
  File "E:\PoliTo - Classes,books and other docs\Semester 3\ICT for Health\Labs\Lab1\CustomPlotter.py", line 188, in multiplot_subHists
    ax.hist(values[i], bins=bin_values[i], density=1, facecolor='g')
  File "C:\Program Files (x86)\Python36-32\lib\site-packages\matplotlib\__init__.py", line 1898, in inner
    return func(ax, *args, **kwargs)
  File "C:\Program Files (x86)\Python36-32\lib\site-packages\matplotlib\axes\_axes.py", line 6389, in hist
    p.update(kwargs)
  File "C:\Program Files (x86)\Python36-32\lib\site-packages\matplotlib\artist.py", line 885, in update
    for k, v in props.items()]
  File "C:\Program Files (x86)\Python36-32\lib\site-packages\matplotlib\artist.py", line 885, in <listcomp>
    for k, v in props.items()]
  File "C:\Program Files (x86)\Python36-32\lib\site-packages\matplotlib\artist.py", line 878, in _update_property
    raise AttributeError('Unknown property %s' % k)
AttributeError: Unknown property density
2018-04-06 23:27:04,952 - __main__ - INFO - Starting to read the CSV....
2018-04-06 23:27:04,996 - __main__ - DEBUG - Seperating training and testing data...
2018-04-06 23:27:04,998 - __main__ - DEBUG - Normalising the features data set...
2018-04-06 23:27:05,003 - __main__ - DEBUG - Removing the target field from training data...
2018-04-06 23:27:05,004 - __main__ - DEBUG - Removing the target field from testing data...
2018-04-06 23:27:05,010 - __main__ - INFO - Creating the regrssion and plotter objects....
2018-04-06 23:27:05,013 - __main__ - INFO - Calculating MSE....
2018-04-06 23:27:05,013 - RegressionTechniques - DEBUG - Calculate coeficients for different features...
2018-04-06 23:27:05,015 - RegressionTechniques - DEBUG - Getting MSE Estimate...
2018-04-06 23:27:05,015 - RegressionTechniques - DEBUG - Getting MSE Error...
2018-04-06 23:27:05,015 - RegressionTechniques - DEBUG - Apply co-eff from traing to test data...
2018-04-06 23:27:05,015 - __main__ - INFO - Plotting MSE....
2018-04-06 23:27:05,015 - CustomPlotter - DEBUG - Reading the input args in multiplot_sameX
2018-04-06 23:27:05,015 - CustomPlotter - DEBUG - plotting for key:originalData with Value
2018-04-06 23:27:05,193 - CustomPlotter - DEBUG - plotting for key:estimatedData with Value
2018-04-06 23:27:08,177 - CustomPlotter - DEBUG - Reading the input args in multiplot_sameX
2018-04-06 23:27:08,178 - CustomPlotter - DEBUG - plotting for key:originalData with Value
2018-04-06 23:27:08,329 - CustomPlotter - DEBUG - plotting for key:estimatedData with Value
2018-04-06 23:27:09,726 - CustomPlotter - DEBUG - Reading the input args in multiplot_subHists
2018-04-06 23:27:09,858 - CustomPlotter - DEBUG - plotting for row:0-Col:0
2018-04-06 23:27:09,957 - CustomPlotter - DEBUG - plotting for row:0-Col:1
2018-04-06 23:27:46,125 - __main__ - INFO - Calculating Gradient Descent....
2018-04-06 23:27:46,125 - RegressionTechniques - DEBUG - Start loop for gradient descent with stopping condn...
2018-04-06 23:27:48,411 - RegressionTechniques - DEBUG - No.of iterations required to reach stopping condn:11062
2018-04-06 23:27:48,411 - __main__ - INFO - Plotting Gradient Descent....
2018-04-06 23:27:48,412 - CustomPlotter - DEBUG - Reading the input args in multiplot_sameX
2018-04-06 23:27:48,412 - CustomPlotter - DEBUG - plotting for key:ChangeInW with Value
2018-04-06 23:29:11,728 - __main__ - INFO - Starting to read the CSV....
2018-04-06 23:29:11,773 - __main__ - DEBUG - Seperating training and testing data...
2018-04-06 23:29:11,775 - __main__ - DEBUG - Normalising the features data set...
2018-04-06 23:29:11,781 - __main__ - DEBUG - Removing the target field from training data...
2018-04-06 23:29:11,781 - __main__ - DEBUG - Removing the target field from testing data...
2018-04-06 23:29:11,787 - __main__ - INFO - Creating the regrssion and plotter objects....
2018-04-06 23:29:11,790 - __main__ - INFO - Calculating MSE....
2018-04-06 23:29:11,790 - RegressionTechniques - DEBUG - Calculate coeficients for different features...
2018-04-06 23:29:11,792 - RegressionTechniques - DEBUG - Getting MSE Estimate...
2018-04-06 23:29:11,793 - RegressionTechniques - DEBUG - Getting MSE Error...
2018-04-06 23:29:11,793 - RegressionTechniques - DEBUG - Apply co-eff from traing to test data...
2018-04-06 23:29:11,793 - __main__ - INFO - Plotting MSE....
2018-04-06 23:29:11,793 - CustomPlotter - DEBUG - Reading the input args in multiplot_sameX
2018-04-06 23:29:11,793 - CustomPlotter - DEBUG - plotting for key:originalData with Value
2018-04-06 23:29:11,946 - CustomPlotter - DEBUG - plotting for key:estimatedData with Value
2018-04-06 23:29:14,596 - CustomPlotter - DEBUG - Reading the input args in multiplot_sameX
2018-04-06 23:29:14,597 - CustomPlotter - DEBUG - plotting for key:originalData with Value
2018-04-06 23:29:14,749 - CustomPlotter - DEBUG - plotting for key:estimatedData with Value
2018-04-06 23:29:20,715 - CustomPlotter - DEBUG - Reading the input args in multiplot_subHists
2018-04-06 23:29:20,880 - CustomPlotter - DEBUG - plotting for row:0-Col:0
2018-04-06 23:29:20,978 - CustomPlotter - DEBUG - plotting for row:0-Col:1
2018-04-06 23:29:22,768 - __main__ - INFO - Calculating Gradient Descent....
2018-04-06 23:29:22,768 - RegressionTechniques - DEBUG - Start loop for gradient descent with stopping condn...
2018-04-06 23:29:23,719 - RegressionTechniques - DEBUG - No.of iterations required to reach stopping condn:4199
2018-04-06 23:29:23,719 - __main__ - INFO - Plotting Gradient Descent....
2018-04-06 23:29:23,719 - CustomPlotter - DEBUG - Reading the input args in multiplot_sameX
2018-04-06 23:29:23,719 - CustomPlotter - DEBUG - plotting for key:ChangeInW with Value
2018-04-06 23:30:14,571 - __main__ - INFO - Starting to read the CSV....
2018-04-06 23:30:14,616 - __main__ - DEBUG - Seperating training and testing data...
2018-04-06 23:30:14,617 - __main__ - DEBUG - Normalising the features data set...
2018-04-06 23:30:14,623 - __main__ - DEBUG - Removing the target field from training data...
2018-04-06 23:30:14,623 - __main__ - DEBUG - Removing the target field from testing data...
2018-04-06 23:30:14,630 - __main__ - INFO - Creating the regrssion and plotter objects....
2018-04-06 23:30:14,632 - __main__ - INFO - Calculating MSE....
2018-04-06 23:30:14,632 - RegressionTechniques - DEBUG - Calculate coeficients for different features...
2018-04-06 23:30:14,634 - RegressionTechniques - DEBUG - Getting MSE Estimate...
2018-04-06 23:30:14,635 - RegressionTechniques - DEBUG - Getting MSE Error...
2018-04-06 23:30:14,635 - RegressionTechniques - DEBUG - Apply co-eff from traing to test data...
2018-04-06 23:30:14,635 - __main__ - INFO - Plotting MSE....
2018-04-06 23:30:14,635 - CustomPlotter - DEBUG - Reading the input args in multiplot_sameX
2018-04-06 23:30:14,635 - CustomPlotter - DEBUG - plotting for key:originalData with Value
2018-04-06 23:30:14,779 - CustomPlotter - DEBUG - plotting for key:estimatedData with Value
2018-04-06 23:30:20,523 - CustomPlotter - DEBUG - Reading the input args in multiplot_sameX
2018-04-06 23:30:20,524 - CustomPlotter - DEBUG - plotting for key:originalData with Value
2018-04-06 23:30:20,668 - CustomPlotter - DEBUG - plotting for key:estimatedData with Value
2018-04-06 23:30:22,373 - CustomPlotter - DEBUG - Reading the input args in multiplot_subHists
2018-04-06 23:30:22,558 - CustomPlotter - DEBUG - plotting for row:0-Col:0
2018-04-06 23:30:22,685 - CustomPlotter - DEBUG - plotting for row:0-Col:1
2018-04-06 23:30:38,995 - __main__ - INFO - Calculating Gradient Descent....
2018-04-06 23:30:38,995 - RegressionTechniques - DEBUG - Start loop for gradient descent with stopping condn...
2018-04-06 23:30:39,260 - RegressionTechniques - DEBUG - No.of iterations required to reach stopping condn:1130
2018-04-06 23:30:39,260 - __main__ - INFO - Plotting Gradient Descent....
2018-04-06 23:30:39,261 - CustomPlotter - DEBUG - Reading the input args in multiplot_sameX
2018-04-06 23:30:39,261 - CustomPlotter - DEBUG - plotting for key:ChangeInW with Value
2018-04-06 23:33:17,202 - __main__ - INFO - Starting to read the CSV....
2018-04-06 23:33:17,246 - __main__ - DEBUG - Seperating training and testing data...
2018-04-06 23:33:17,248 - __main__ - DEBUG - Normalising the features data set...
2018-04-06 23:33:17,254 - __main__ - DEBUG - Removing the target field from training data...
2018-04-06 23:33:17,254 - __main__ - DEBUG - Removing the target field from testing data...
2018-04-06 23:33:17,261 - __main__ - INFO - Creating the regrssion and plotter objects....
2018-04-06 23:33:17,263 - __main__ - INFO - Calculating MSE....
2018-04-06 23:33:17,263 - RegressionTechniques - DEBUG - Calculate coeficients for different features...
2018-04-06 23:33:17,265 - RegressionTechniques - DEBUG - Getting MSE Estimate...
2018-04-06 23:33:17,265 - RegressionTechniques - DEBUG - Getting MSE Error...
2018-04-06 23:33:17,265 - RegressionTechniques - DEBUG - Apply co-eff from traing to test data...
2018-04-06 23:33:17,266 - __main__ - INFO - Plotting MSE....
2018-04-06 23:33:17,266 - CustomPlotter - DEBUG - Reading the input args in multiplot_sameX
2018-04-06 23:33:17,266 - CustomPlotter - DEBUG - plotting for key:originalData with Value
2018-04-06 23:33:17,417 - CustomPlotter - DEBUG - plotting for key:estimatedData with Value
2018-04-06 23:33:19,207 - CustomPlotter - DEBUG - Reading the input args in multiplot_sameX
2018-04-06 23:33:19,207 - CustomPlotter - DEBUG - plotting for key:originalData with Value
2018-04-06 23:33:19,342 - CustomPlotter - DEBUG - plotting for key:estimatedData with Value
2018-04-06 23:33:20,819 - CustomPlotter - DEBUG - Reading the input args in multiplot_subHists
2018-04-06 23:33:20,954 - CustomPlotter - DEBUG - plotting for row:0-Col:0
2018-04-06 23:33:21,109 - CustomPlotter - DEBUG - plotting for row:0-Col:1
2018-04-06 23:33:35,173 - __main__ - INFO - Calculating Gradient Descent....
2018-04-06 23:33:35,173 - RegressionTechniques - DEBUG - Start loop for gradient descent with stopping condn...
2018-04-06 23:33:37,670 - RegressionTechniques - DEBUG - No.of iterations required to reach stopping condn:10350
2018-04-06 23:33:37,671 - __main__ - INFO - Plotting Gradient Descent....
2018-04-06 23:33:37,671 - CustomPlotter - DEBUG - Reading the input args in multiplot_sameX
2018-04-06 23:33:37,671 - CustomPlotter - DEBUG - plotting for key:ChangeInW with Value
2018-04-06 23:35:58,104 - __main__ - INFO - Starting to read the CSV....
2018-04-06 23:35:58,148 - __main__ - DEBUG - Seperating training and testing data...
2018-04-06 23:35:58,149 - __main__ - DEBUG - Normalising the features data set...
2018-04-06 23:35:58,155 - __main__ - DEBUG - Removing the target field from training data...
2018-04-06 23:35:58,155 - __main__ - DEBUG - Removing the target field from testing data...
2018-04-06 23:35:58,161 - __main__ - INFO - Creating the regrssion and plotter objects....
2018-04-06 23:35:58,164 - __main__ - INFO - Calculating MSE....
2018-04-06 23:35:58,164 - RegressionTechniques - DEBUG - Calculate coeficients for different features...
2018-04-06 23:35:58,166 - RegressionTechniques - DEBUG - Getting MSE Estimate...
2018-04-06 23:35:58,166 - RegressionTechniques - DEBUG - Getting MSE Error...
2018-04-06 23:35:58,166 - RegressionTechniques - DEBUG - Apply co-eff from traing to test data...
2018-04-06 23:35:58,166 - __main__ - INFO - Plotting MSE....
2018-04-06 23:35:58,167 - CustomPlotter - DEBUG - Reading the input args in multiplot_sameX
2018-04-06 23:35:58,167 - CustomPlotter - DEBUG - plotting for key:originalData with Value
2018-04-06 23:35:58,316 - CustomPlotter - DEBUG - plotting for key:estimatedData with Value
2018-04-06 23:36:00,145 - CustomPlotter - DEBUG - Reading the input args in multiplot_sameX
2018-04-06 23:36:00,146 - CustomPlotter - DEBUG - plotting for key:originalData with Value
2018-04-06 23:36:00,287 - CustomPlotter - DEBUG - plotting for key:estimatedData with Value
2018-04-06 23:36:02,151 - CustomPlotter - DEBUG - Reading the input args in multiplot_subHists
2018-04-06 23:36:02,287 - CustomPlotter - DEBUG - plotting for row:0-Col:0
2018-04-06 23:36:02,384 - CustomPlotter - DEBUG - plotting for row:0-Col:1
2018-04-06 23:36:31,052 - __main__ - INFO - Calculating Gradient Descent....
2018-04-06 23:36:31,053 - RegressionTechniques - DEBUG - Start loop for gradient descent with stopping condn...
2018-04-06 23:36:31,386 - RegressionTechniques - DEBUG - No.of iterations required to reach stopping condn:1477
2018-04-06 23:36:31,386 - __main__ - INFO - Plotting Gradient Descent....
2018-04-06 23:36:31,387 - CustomPlotter - DEBUG - Reading the input args in multiplot_sameX
2018-04-06 23:36:31,387 - CustomPlotter - DEBUG - plotting for key:ChangeInW with Value
2018-04-06 23:38:22,509 - __main__ - INFO - Starting to read the CSV....
2018-04-06 23:38:22,555 - __main__ - DEBUG - Seperating training and testing data...
2018-04-06 23:38:22,557 - __main__ - DEBUG - Normalising the features data set...
2018-04-06 23:38:22,563 - __main__ - DEBUG - Removing the target field from training data...
2018-04-06 23:38:22,564 - __main__ - DEBUG - Removing the target field from testing data...
2018-04-06 23:38:22,570 - __main__ - INFO - Creating the regrssion and plotter objects....
2018-04-06 23:38:22,573 - __main__ - INFO - Calculating MSE....
2018-04-06 23:38:22,573 - RegressionTechniques - DEBUG - Calculate coeficients for different features...
2018-04-06 23:38:22,575 - RegressionTechniques - DEBUG - Getting MSE Estimate...
2018-04-06 23:38:22,575 - RegressionTechniques - DEBUG - Getting MSE Error...
2018-04-06 23:38:22,575 - RegressionTechniques - DEBUG - Apply co-eff from traing to test data...
2018-04-06 23:38:22,575 - __main__ - INFO - Plotting MSE....
2018-04-06 23:38:22,576 - CustomPlotter - DEBUG - Reading the input args in multiplot_sameX
2018-04-06 23:38:22,576 - CustomPlotter - DEBUG - plotting for key:originalData with Value
2018-04-06 23:38:22,720 - CustomPlotter - DEBUG - plotting for key:estimatedData with Value
2018-04-06 23:38:24,044 - CustomPlotter - DEBUG - Reading the input args in multiplot_sameX
2018-04-06 23:38:24,044 - CustomPlotter - DEBUG - plotting for key:originalData with Value
2018-04-06 23:38:24,193 - CustomPlotter - DEBUG - plotting for key:estimatedData with Value
2018-04-06 23:38:25,349 - CustomPlotter - DEBUG - Reading the input args in multiplot_subHists
2018-04-06 23:38:25,485 - CustomPlotter - DEBUG - plotting for row:0-Col:0
2018-04-06 23:38:25,583 - CustomPlotter - DEBUG - plotting for row:0-Col:1
2018-04-06 23:38:26,777 - __main__ - INFO - Calculating Gradient Descent....
2018-04-06 23:38:26,778 - RegressionTechniques - DEBUG - Start loop for gradient descent with stopping condn...
2018-04-06 23:38:27,361 - RegressionTechniques - DEBUG - No.of iterations required to reach stopping condn:2570
2018-04-06 23:38:27,361 - __main__ - INFO - Plotting Gradient Descent....
2018-04-06 23:38:27,361 - CustomPlotter - DEBUG - Reading the input args in multiplot_sameX
2018-04-06 23:38:27,361 - CustomPlotter - DEBUG - plotting for key:ChangeInW with Value
2018-04-06 23:39:39,163 - __main__ - INFO - Starting to read the CSV....
2018-04-06 23:39:39,221 - __main__ - INFO - Creating the regrssion and plotter objects....
2018-04-06 23:39:39,224 - __main__ - INFO - Calculating MSE....
2018-04-06 23:39:39,226 - __main__ - INFO - Plotting MSE....
2018-04-06 23:39:45,915 - __main__ - INFO - Calculating Gradient Descent....
2018-04-06 23:39:46,768 - __main__ - INFO - Plotting Gradient Descent....
2018-04-06 23:47:16,869 - __main__ - INFO - Starting to read the CSV....
2018-04-06 23:47:16,933 - __main__ - INFO - Creating the regrssion and plotter objects....
2018-04-06 23:47:16,935 - __main__ - INFO - Calculating MSE....
2018-04-06 23:47:16,938 - __main__ - INFO - Plotting MSE....
2018-04-06 23:47:23,325 - __main__ - INFO - Calculating Gradient Descent....
2018-04-06 23:47:24,475 - __main__ - INFO - Plotting Gradient Descent....
2018-04-06 23:48:03,530 - __main__ - INFO - Starting to read the CSV....
2018-04-06 23:48:03,588 - __main__ - INFO - Creating the regrssion and plotter objects....
2018-04-06 23:48:03,591 - __main__ - INFO - Calculating MSE....
2018-04-06 23:48:03,593 - __main__ - INFO - Plotting MSE....
2018-04-06 23:48:08,653 - __main__ - INFO - Calculating Gradient Descent....
2018-04-06 23:48:11,048 - __main__ - INFO - Plotting Gradient Descent....
2018-04-08 19:40:54,971 - __main__ - INFO - Starting to read the CSV....
2018-04-08 19:40:55,057 - __main__ - INFO - Creating the regrssion and plotter objects....
2018-04-08 19:40:55,059 - __main__ - INFO - Calculating MSE....
2018-04-08 19:40:55,081 - __main__ - INFO - Plotting MSE....
2018-04-08 19:41:00,450 - __main__ - INFO - Calculating Gradient Descent....
2018-04-08 19:41:02,065 - __main__ - INFO - Plotting Gradient Descent....
2018-04-08 19:41:42,868 - __main__ - INFO - Starting to read the CSV....
2018-04-08 19:41:42,918 - __main__ - DEBUG - Seperating training and testing data...
2018-04-08 19:41:42,919 - __main__ - DEBUG - Normalising the features data set...
2018-04-08 19:41:42,925 - __main__ - DEBUG - Removing the target field from training data...
2018-04-08 19:41:42,926 - __main__ - DEBUG - Removing the target field from testing data...
2018-04-08 19:41:42,932 - __main__ - INFO - Creating the regrssion and plotter objects....
2018-04-08 19:41:42,934 - __main__ - INFO - Calculating MSE....
2018-04-08 19:41:42,935 - RegressionTechniques - DEBUG - Calculate coeficients for different features...
2018-04-08 19:41:42,937 - RegressionTechniques - DEBUG - Getting MSE Estimate...
2018-04-08 19:41:42,937 - RegressionTechniques - DEBUG - Getting MSE Error...
2018-04-08 19:41:42,937 - RegressionTechniques - DEBUG - Apply co-eff from traing to test data...
2018-04-08 19:41:42,937 - __main__ - INFO - Plotting MSE....
2018-04-08 19:41:42,937 - CustomPlotter - DEBUG - Reading the input args in multiplot_sameX
2018-04-08 19:41:42,937 - CustomPlotter - DEBUG - plotting for key:originalData with Value
2018-04-08 19:41:43,084 - CustomPlotter - DEBUG - plotting for key:estimatedData with Value
2018-04-08 19:41:45,140 - CustomPlotter - DEBUG - Reading the input args in multiplot_sameX
2018-04-08 19:41:45,141 - CustomPlotter - DEBUG - plotting for key:originalData with Value
2018-04-08 19:41:45,294 - CustomPlotter - DEBUG - plotting for key:estimatedData with Value
2018-04-08 19:41:46,299 - CustomPlotter - DEBUG - Reading the input args in multiplot_subHists
2018-04-08 19:41:46,422 - CustomPlotter - DEBUG - plotting for row:0-Col:0
2018-04-08 19:41:46,525 - CustomPlotter - DEBUG - plotting for row:0-Col:1
2018-04-08 19:41:47,740 - __main__ - INFO - Calculating Gradient Descent....
2018-04-08 19:41:47,740 - RegressionTechniques - DEBUG - Start loop for gradient descent with stopping condn...
2018-04-08 19:41:48,831 - RegressionTechniques - DEBUG - No.of iterations required to reach stopping condn:4991
2018-04-08 19:41:48,832 - __main__ - INFO - Plotting Gradient Descent....
2018-04-08 19:41:48,832 - CustomPlotter - DEBUG - Reading the input args in multiplot_sameX
2018-04-08 19:41:48,832 - CustomPlotter - DEBUG - plotting for key:ChangeInW with Value
2018-04-08 20:13:02,915 - __main__ - INFO - Starting to read the CSV....
2018-04-08 20:13:02,980 - __main__ - INFO - Creating the regrssion and plotter objects....
2018-04-08 20:13:02,982 - __main__ - INFO - Calculating MSE....
2018-04-08 20:13:02,984 - __main__ - INFO - Plotting MSE....
2018-04-08 20:13:08,908 - __main__ - INFO - Calculating Gradient Descent....
2018-04-08 20:13:45,463 - __main__ - INFO - Plotting Gradient Descent....
2018-04-08 20:15:32,582 - __main__ - INFO - Starting to read the CSV....
2018-04-08 20:15:32,645 - __main__ - INFO - Creating the regrssion and plotter objects....
2018-04-08 20:15:32,647 - __main__ - INFO - Calculating MSE....
2018-04-08 20:15:32,649 - __main__ - INFO - Plotting MSE....
2018-04-08 20:15:37,109 - __main__ - INFO - Calculating Gradient Descent....
2018-04-08 20:16:13,597 - __main__ - INFO - Plotting Gradient Descent....
2018-04-08 20:18:32,011 - __main__ - INFO - Starting to read the CSV....
2018-04-08 20:18:32,077 - __main__ - INFO - Creating the regrssion and plotter objects....
2018-04-08 20:18:32,079 - __main__ - INFO - Calculating MSE....
2018-04-08 20:18:32,081 - __main__ - INFO - Plotting MSE....
2018-04-08 20:18:36,511 - __main__ - INFO - Calculating Gradient Descent....
2018-04-08 20:18:41,737 - __main__ - INFO - Plotting Gradient Descent....
2018-04-08 20:18:51,835 - __main__ - INFO - Starting to read the CSV....
2018-04-08 20:18:51,897 - __main__ - INFO - Creating the regrssion and plotter objects....
2018-04-08 20:18:51,899 - __main__ - INFO - Calculating MSE....
2018-04-08 20:18:51,901 - __main__ - INFO - Plotting MSE....
2018-04-08 20:18:57,766 - __main__ - INFO - Calculating Gradient Descent....
2018-04-08 20:19:35,786 - __main__ - INFO - Plotting Gradient Descent....
2018-04-08 20:19:55,195 - __main__ - INFO - Starting to read the CSV....
2018-04-08 20:19:55,258 - __main__ - INFO - Creating the regrssion and plotter objects....
2018-04-08 20:19:55,260 - __main__ - INFO - Calculating MSE....
2018-04-08 20:19:55,262 - __main__ - INFO - Plotting MSE....
2018-04-08 20:20:00,612 - __main__ - INFO - Calculating Gradient Descent....
2018-04-08 20:20:00,898 - __main__ - INFO - Plotting Gradient Descent....
2018-04-08 20:20:17,760 - __main__ - INFO - Starting to read the CSV....
2018-04-08 20:20:17,823 - __main__ - INFO - Creating the regrssion and plotter objects....
2018-04-08 20:20:17,825 - __main__ - INFO - Calculating MSE....
2018-04-08 20:20:17,828 - __main__ - INFO - Plotting MSE....
2018-04-08 20:20:23,061 - __main__ - INFO - Calculating Gradient Descent....
2018-04-08 20:20:46,899 - __main__ - INFO - Starting to read the CSV....
2018-04-08 20:20:46,972 - __main__ - INFO - Creating the regrssion and plotter objects....
2018-04-08 20:20:46,975 - __main__ - INFO - Calculating MSE....
2018-04-08 20:20:46,977 - __main__ - INFO - Plotting MSE....
2018-04-08 20:20:52,224 - __main__ - INFO - Calculating Gradient Descent....
2018-04-08 20:21:02,208 - __main__ - INFO - Plotting Gradient Descent....
2018-04-08 20:21:32,046 - __main__ - INFO - Plotting Gradient Descent....
2018-04-08 20:21:44,758 - __main__ - INFO - Starting to read the CSV....
2018-04-08 20:21:44,821 - __main__ - INFO - Creating the regrssion and plotter objects....
2018-04-08 20:21:44,823 - __main__ - INFO - Calculating MSE....
2018-04-08 20:21:44,825 - __main__ - INFO - Plotting MSE....
2018-04-08 20:21:49,808 - __main__ - INFO - Calculating Gradient Descent....
2018-04-08 20:21:50,452 - __main__ - INFO - Plotting Gradient Descent....
2018-04-08 20:22:19,785 - __main__ - INFO - Starting to read the CSV....
2018-04-08 20:22:19,849 - __main__ - INFO - Creating the regrssion and plotter objects....
2018-04-08 20:22:19,851 - __main__ - INFO - Calculating MSE....
2018-04-08 20:22:19,853 - __main__ - INFO - Plotting MSE....
2018-04-08 20:22:25,087 - __main__ - INFO - Calculating Gradient Descent....
2018-04-08 20:23:01,960 - __main__ - INFO - Plotting Gradient Descent....
2018-04-08 21:00:24,749 - __main__ - INFO - Starting to read the CSV....
2018-04-08 21:00:24,816 - __main__ - INFO - Creating the regrssion and plotter objects....
2018-04-08 21:00:24,818 - __main__ - INFO - Calculating MSE....
2018-04-08 21:00:24,820 - __main__ - INFO - Plotting MSE....
2018-04-08 21:00:30,148 - __main__ - INFO - Calculating Gradient Descent....
2018-04-08 21:00:30,606 - RegressionTechniques - ERROR - Failed to calculate gradient descent
Traceback (most recent call last):
  File "E:\PoliTo - Classes,books and other docs\Semester 3\ICT for Health\Labs\Lab1\RegressionTechniques.py", line 137, in gradientDescent
    self.yhat_test = self.x_test.dot (self.w)
AttributeError: 'RegressionTechniques' object has no attribute 'w'
2018-04-08 21:00:30,612 - __main__ - ERROR - Common failure at main
Traceback (most recent call last):
  File "E:/PoliTo - Classes,books and other docs/Semester 3/ICT for Health/Labs/Lab1/Lab1_parkinsons_main.py", line 152, in <module>
    gd.gradientDescent(stop_error_value = 0.096,loop_limit=100000,gamma=gamma_value)
  File "E:\PoliTo - Classes,books and other docs\Semester 3\ICT for Health\Labs\Lab1\RegressionTechniques.py", line 137, in gradientDescent
    self.yhat_test = self.x_test.dot (self.w)
AttributeError: 'RegressionTechniques' object has no attribute 'w'
2018-04-08 21:01:07,153 - __main__ - INFO - Starting to read the CSV....
2018-04-08 21:01:07,216 - __main__ - INFO - Creating the regrssion and plotter objects....
2018-04-08 21:01:07,218 - __main__ - INFO - Calculating MSE....
2018-04-08 21:01:07,221 - __main__ - INFO - Plotting MSE....
2018-04-08 21:01:11,796 - __main__ - INFO - Calculating Gradient Descent....
2018-04-08 21:01:12,045 - __main__ - INFO - Plotting Gradient Descent....
2018-04-18 00:56:32,172 - __main__ - INFO - Starting to read the CSV....
2018-04-18 00:56:32,257 - __main__ - INFO - Creating the regrssion and plotter objects....
2018-04-18 00:56:32,260 - __main__ - INFO - Calculating MSE....
2018-04-18 00:56:32,271 - __main__ - INFO - Plotting MSE....
2018-04-18 00:56:42,592 - __main__ - INFO - Calculating Gradient Descent....
2018-04-18 00:56:43,385 - __main__ - INFO - Plotting Gradient Descent....
2018-04-18 00:56:47,909 - __main__ - INFO - Calculating using Steepest Descent(Newton's method)....
2018-04-18 00:56:47,974 - __main__ - INFO - Plotting Steepest Descent....
2018-04-18 00:57:49,608 - __main__ - INFO - Starting to read the CSV....
2018-04-18 00:57:49,666 - __main__ - INFO - Creating the regrssion and plotter objects....
2018-04-18 00:57:49,669 - __main__ - INFO - Calculating MSE....
2018-04-18 00:57:49,672 - __main__ - INFO - Plotting MSE....
2018-04-18 00:57:57,817 - __main__ - INFO - Calculating Gradient Descent....
2018-04-18 00:57:58,632 - RegressionTechniques - INFO - No.of iterations required to reach stopping condn:3389
2018-04-18 00:57:58,633 - __main__ - INFO - Plotting Gradient Descent....
2018-04-18 00:58:01,068 - __main__ - INFO - Calculating using Steepest Descent(Newton's method)....
2018-04-18 00:58:01,137 - RegressionTechniques - INFO - Newton's method - No.of iterations required to reach stopping condn:174
2018-04-18 00:58:01,138 - __main__ - INFO - Plotting Steepest Descent....
2018-04-18 01:45:16,801 - __main__ - INFO - Starting to read the CSV....
2018-04-18 01:45:16,866 - __main__ - INFO - Creating the regrssion and plotter objects....
2018-04-18 01:45:16,869 - __main__ - INFO - Calculating MSE....
2018-04-18 01:45:16,872 - __main__ - INFO - Plotting MSE....
2018-04-18 01:45:26,841 - __main__ - INFO - Calculating Gradient Descent....
2018-04-18 01:52:40,462 - __main__ - INFO - Starting to read the CSV....
2018-04-18 01:52:40,520 - __main__ - INFO - Creating the regrssion and plotter objects....
2018-04-18 01:52:40,523 - __main__ - INFO - Calculating MSE....
2018-04-18 01:52:40,526 - __main__ - INFO - Plotting MSE....
2018-04-18 01:52:45,825 - __main__ - INFO - Calculating Gradient Descent....
2018-04-18 01:56:43,581 - RegressionTechniques - INFO - Gradient Descent - No.of iterations required to reach stopping condn:999999
2018-04-18 01:56:43,582 - RegressionTechniques - ERROR - Failed to calculate gradient descent
Traceback (most recent call last):
  File "E:\PoliTo - Classes,books and other docs\Semester 3\ICT for Health\Labs\Lab1\RegressionTechniques.py", line 148, in gradientDescent
    self.logger.info ("Gradient Descent - Value of error at stopping condn:" + self.current_error)
TypeError: ufunc 'add' did not contain a loop with signature matching types dtype('<U52') dtype('<U52') dtype('<U52')
2018-04-18 01:56:43,587 - __main__ - ERROR - Common failure at main
Traceback (most recent call last):
  File "E:/PoliTo - Classes,books and other docs/Semester 3/ICT for Health/Labs/Lab1/Lab1_parkinsons_main.py", line 153, in <module>
    gd.gradientDescent(stop_error_value = 0.001,loop_limit=10**6,gamma=gamma_value)
  File "E:\PoliTo - Classes,books and other docs\Semester 3\ICT for Health\Labs\Lab1\RegressionTechniques.py", line 148, in gradientDescent
    self.logger.info ("Gradient Descent - Value of error at stopping condn:" + self.current_error)
TypeError: ufunc 'add' did not contain a loop with signature matching types dtype('<U52') dtype('<U52') dtype('<U52')
2018-04-18 01:58:29,484 - __main__ - INFO - Starting to read the CSV....
2018-04-18 01:58:29,541 - __main__ - INFO - Creating the regrssion and plotter objects....
2018-04-18 01:58:29,544 - __main__ - INFO - Calculating MSE....
2018-04-18 01:58:29,546 - __main__ - INFO - Plotting MSE....
2018-04-18 01:58:33,879 - __main__ - INFO - Calculating Gradient Descent....
2018-04-18 02:02:30,089 - RegressionTechniques - INFO - Gradient Descent - No.of iterations required to reach stopping condn:999999
2018-04-18 02:02:30,090 - RegressionTechniques - INFO - Gradient Descent - Value of error at stopping condn:0.0946761569622
2018-04-18 02:02:30,090 - __main__ - INFO - Plotting Gradient Descent....
2018-04-18 02:02:49,620 - __main__ - INFO - Plotting Steepest Descent....
2018-04-18 02:08:47,495 - __main__ - INFO - Starting to read the CSV....
2018-04-18 02:08:47,554 - __main__ - INFO - Creating the regrssion and plotter objects....
2018-04-18 02:08:47,557 - __main__ - INFO - Calculating MSE....
2018-04-18 02:08:47,559 - __main__ - INFO - Plotting MSE....
2018-04-18 02:08:52,404 - __main__ - INFO - Calculating Gradient Descent....
2018-04-18 02:08:52,407 - RegressionTechniques - ERROR - Failed to calculate gradient descent
Traceback (most recent call last):
  File "E:\PoliTo - Classes,books and other docs\Semester 3\ICT for Health\Labs\Lab1\RegressionTechniques.py", line 136, in gradientDescent
    self.prev_error=self.current_error
AttributeError: 'RegressionTechniques' object has no attribute 'current_error'
2018-04-18 02:08:52,410 - __main__ - ERROR - Common failure at main
Traceback (most recent call last):
  File "E:/PoliTo - Classes,books and other docs/Semester 3/ICT for Health/Labs/Lab1/Lab1_parkinsons_main.py", line 153, in <module>
    gd.gradientDescent(stop_error_value = 0.095,loop_limit=10**6,gamma=gamma_value)
  File "E:\PoliTo - Classes,books and other docs\Semester 3\ICT for Health\Labs\Lab1\RegressionTechniques.py", line 136, in gradientDescent
    self.prev_error=self.current_error
AttributeError: 'RegressionTechniques' object has no attribute 'current_error'
2018-04-18 02:11:15,252 - __main__ - INFO - Starting to read the CSV....
2018-04-18 02:11:15,310 - __main__ - INFO - Creating the regrssion and plotter objects....
2018-04-18 02:11:15,312 - __main__ - INFO - Calculating MSE....
2018-04-18 02:11:15,315 - __main__ - INFO - Plotting MSE....
2018-04-18 02:11:20,233 - __main__ - INFO - Calculating Gradient Descent....
2018-04-18 02:11:20,235 - RegressionTechniques - ERROR - Failed to calculate gradient descent
Traceback (most recent call last):
  File "E:\PoliTo - Classes,books and other docs\Semester 3\ICT for Health\Labs\Lab1\RegressionTechniques.py", line 146, in gradientDescent
    if ((self.error[i-1] - self.current_error) <= error_stopping_cond or i >= loop_limit-1):
IndexError: index 1 is out of bounds for axis 0 with size 1
2018-04-18 02:11:20,237 - __main__ - ERROR - Common failure at main
Traceback (most recent call last):
  File "E:/PoliTo - Classes,books and other docs/Semester 3/ICT for Health/Labs/Lab1/Lab1_parkinsons_main.py", line 153, in <module>
    gd.gradientDescent(stop_error_value = 0.095,loop_limit=10**6,gamma=gamma_value)
  File "E:\PoliTo - Classes,books and other docs\Semester 3\ICT for Health\Labs\Lab1\RegressionTechniques.py", line 146, in gradientDescent
    if ((self.error[i-1] - self.current_error) <= error_stopping_cond or i >= loop_limit-1):
IndexError: index 1 is out of bounds for axis 0 with size 1
2018-04-18 02:18:47,892 - __main__ - INFO - Starting to read the CSV....
2018-04-18 02:18:47,950 - __main__ - INFO - Creating the regrssion and plotter objects....
2018-04-18 02:18:47,953 - __main__ - INFO - Calculating MSE....
2018-04-18 02:18:47,955 - __main__ - INFO - Plotting MSE....
2018-04-18 02:18:54,601 - __main__ - INFO - Calculating Gradient Descent....
2018-04-18 02:18:54,629 - RegressionTechniques - INFO - GD- Final Change in Error:0.093874666622
2018-04-18 02:18:54,631 - RegressionTechniques - INFO - GD- Final Change in W:[ 0.67126353  0.66251623  0.61844224  0.84436652 -0.16590561  2.83695602
  1.25131377  0.41461019  0.41971306 -0.08965116  0.69001858  1.08653141
  1.02530965  1.23703099  1.00237261  0.30031947  0.38857255  0.17980268
  0.6042461   0.66122175  0.2432425 ]
2018-04-18 02:18:54,631 - RegressionTechniques - INFO - Gradient Descent - No.of iterations required to reach stopping condn:84
2018-04-18 02:18:54,631 - RegressionTechniques - INFO - Gradient Descent - Value of error at stopping condn:5.49785206017
2018-04-18 02:18:54,631 - __main__ - INFO - Plotting Gradient Descent....
2018-04-18 02:19:23,386 - __main__ - INFO - Plotting Steepest Descent....
2018-04-18 02:20:39,871 - __main__ - INFO - Starting to read the CSV....
2018-04-18 02:20:39,930 - __main__ - INFO - Creating the regrssion and plotter objects....
2018-04-18 02:20:39,932 - __main__ - INFO - Calculating MSE....
2018-04-18 02:20:39,935 - __main__ - INFO - Plotting MSE....
2018-04-18 02:20:45,314 - __main__ - INFO - Calculating Gradient Descent....
2018-04-18 02:20:45,435 - RegressionTechniques - INFO - GD- Final Change in Error:9.97284092018e-05
2018-04-18 02:20:45,435 - RegressionTechniques - INFO - GD- Final Change in W:4.45516985601
2018-04-18 02:20:45,435 - RegressionTechniques - INFO - Gradient Descent - No.of iterations required to reach stopping condn:405
2018-04-18 02:20:45,436 - RegressionTechniques - INFO - Gradient Descent - Value of error at stopping condn:0.106160155974
2018-04-18 02:20:45,436 - __main__ - INFO - Plotting Gradient Descent....
2018-04-18 02:20:58,322 - __main__ - INFO - Plotting Steepest Descent....
2018-04-18 02:21:17,626 - __main__ - INFO - Starting to read the CSV....
2018-04-18 02:21:17,684 - __main__ - INFO - Creating the regrssion and plotter objects....
2018-04-18 02:21:17,687 - __main__ - INFO - Calculating MSE....
2018-04-18 02:21:17,689 - __main__ - INFO - Plotting MSE....
2018-04-18 02:21:22,070 - __main__ - INFO - Calculating Gradient Descent....
2018-04-18 02:21:22,391 - RegressionTechniques - INFO - GD- Final Change in Error:9.99833060192e-07
2018-04-18 02:21:22,391 - RegressionTechniques - INFO - GD- Final Change in W:1.91150094954
2018-04-18 02:21:22,391 - RegressionTechniques - INFO - Gradient Descent - No.of iterations required to reach stopping condn:1219
2018-04-18 02:21:22,391 - RegressionTechniques - INFO - Gradient Descent - Value of error at stopping condn:0.0954230005955
2018-04-18 02:21:22,392 - __main__ - INFO - Plotting Gradient Descent....
2018-04-18 02:21:35,431 - __main__ - INFO - Plotting Steepest Descent....
2018-04-18 02:22:00,925 - __main__ - INFO - Starting to read the CSV....
2018-04-18 02:22:00,984 - __main__ - INFO - Creating the regrssion and plotter objects....
2018-04-18 02:22:00,987 - __main__ - INFO - Calculating MSE....
2018-04-18 02:22:00,989 - __main__ - INFO - Plotting MSE....
2018-04-18 02:22:05,178 - __main__ - INFO - Calculating Gradient Descent....
2018-04-18 02:22:07,725 - RegressionTechniques - INFO - GD- Final Change in Error:9.99003858804e-09
2018-04-18 02:22:07,726 - RegressionTechniques - INFO - GD- Final Change in W:2.36919783244
2018-04-18 02:22:07,726 - RegressionTechniques - INFO - Gradient Descent - No.of iterations required to reach stopping condn:5759
2018-04-18 02:22:07,726 - RegressionTechniques - INFO - Gradient Descent - Value of error at stopping condn:0.0946791749053
2018-04-18 02:22:07,726 - __main__ - INFO - Plotting Gradient Descent....
2018-04-18 02:22:25,156 - __main__ - INFO - Plotting Steepest Descent....
2018-04-18 02:22:52,250 - __main__ - INFO - Starting to read the CSV....
2018-04-18 02:22:52,310 - __main__ - INFO - Creating the regrssion and plotter objects....
2018-04-18 02:22:52,314 - __main__ - INFO - Calculating MSE....
2018-04-18 02:22:52,316 - __main__ - INFO - Plotting MSE....
2018-04-18 02:23:00,163 - __main__ - INFO - Calculating Gradient Descent....
2018-04-18 02:23:24,976 - RegressionTechniques - INFO - GD- Final Change in Error:9.99840626958e-11
2018-04-18 02:23:24,976 - RegressionTechniques - INFO - GD- Final Change in W:1.33627457041
2018-04-18 02:23:24,976 - RegressionTechniques - INFO - Gradient Descent - No.of iterations required to reach stopping condn:20704
2018-04-18 02:23:24,976 - RegressionTechniques - INFO - Gradient Descent - Value of error at stopping condn:0.0946794012694
2018-04-18 02:23:24,976 - __main__ - INFO - Plotting Gradient Descent....
2018-04-18 02:23:47,162 - __main__ - INFO - Plotting Steepest Descent....
2018-04-18 02:24:31,959 - __main__ - INFO - Starting to read the CSV....
2018-04-18 02:24:32,016 - __main__ - INFO - Creating the regrssion and plotter objects....
2018-04-18 02:24:32,019 - __main__ - INFO - Calculating MSE....
2018-04-18 02:24:32,022 - __main__ - INFO - Plotting MSE....
2018-04-18 02:24:36,460 - __main__ - INFO - Calculating Gradient Descent....
2018-04-18 02:24:39,287 - RegressionTechniques - INFO - GD- Final Change in Error:9.99748617225e-11
2018-04-18 02:24:39,288 - RegressionTechniques - INFO - GD- Final Change in W:[ 1.39290079  1.44935336  1.39664387  1.56308304  0.5694222   1.90542846
  1.39278666  1.61686239  1.35163677  0.98229533  1.60677982  1.48155057
  0.95869969  1.06330981  1.71058355  2.0582872   1.54362128  1.51814873
  1.4441903   1.51455269  1.49798011]
2018-04-18 02:24:39,288 - RegressionTechniques - INFO - Gradient Descent - No.of iterations required to reach stopping condn:11019
2018-04-18 02:24:39,289 - RegressionTechniques - INFO - Gradient Descent - Value of error at stopping condn:0.094679889515
2018-04-18 02:24:39,289 - __main__ - INFO - Plotting Gradient Descent....
2018-04-18 02:24:57,632 - __main__ - INFO - Plotting Steepest Descent....
2018-04-18 02:29:36,334 - __main__ - INFO - Starting to read the CSV....
2018-04-18 02:29:36,396 - __main__ - INFO - Creating the regrssion and plotter objects....
2018-04-18 02:29:36,399 - __main__ - INFO - Calculating MSE....
2018-04-18 02:29:36,401 - __main__ - INFO - Plotting MSE....
2018-04-18 02:29:41,209 - __main__ - INFO - Calculating Gradient Descent....
2018-04-18 02:29:41,212 - RegressionTechniques - ERROR - Failed to calculate gradient descent
Traceback (most recent call last):
  File "E:\PoliTo - Classes,books and other docs\Semester 3\ICT for Health\Labs\Lab1\RegressionTechniques.py", line 147, in gradientDescent
    if ((self.w_vector[i-1] - self.w_hat) <= stopping_condn or i >= loop_limit - 1):
ValueError: The truth value of an array with more than one element is ambiguous. Use a.any() or a.all()
2018-04-18 02:29:41,213 - __main__ - ERROR - Common failure at main
Traceback (most recent call last):
  File "E:/PoliTo - Classes,books and other docs/Semester 3/ICT for Health/Labs/Lab1/Lab1_parkinsons_main.py", line 153, in <module>
    gd.gradientDescent(stopping_condn = 10**-3,loop_limit=10**6,gamma=gamma_value)
  File "E:\PoliTo - Classes,books and other docs\Semester 3\ICT for Health\Labs\Lab1\RegressionTechniques.py", line 147, in gradientDescent
    if ((self.w_vector[i-1] - self.w_hat) <= stopping_condn or i >= loop_limit - 1):
ValueError: The truth value of an array with more than one element is ambiguous. Use a.any() or a.all()
2018-04-18 02:30:37,840 - __main__ - INFO - Starting to read the CSV....
2018-04-18 02:30:37,901 - __main__ - INFO - Creating the regrssion and plotter objects....
2018-04-18 02:30:37,904 - __main__ - INFO - Calculating MSE....
2018-04-18 02:30:37,906 - __main__ - INFO - Plotting MSE....
2018-04-18 02:30:42,836 - __main__ - INFO - Calculating Gradient Descent....
2018-04-18 02:30:42,855 - RegressionTechniques - INFO - GD- Final Change in Error:0.00616737461549
2018-04-18 02:30:42,855 - RegressionTechniques - ERROR - Failed to calculate gradient descent
Traceback (most recent call last):
  File "E:\PoliTo - Classes,books and other docs\Semester 3\ICT for Health\Labs\Lab1\RegressionTechniques.py", line 149, in gradientDescent
    self.logger.info ("GD- Final Change in W:" + str ((self.w_vector[i-1] - self.self.w_vector[i])))
AttributeError: 'RegressionTechniques' object has no attribute 'self'
2018-04-18 02:30:42,856 - __main__ - ERROR - Common failure at main
Traceback (most recent call last):
  File "E:/PoliTo - Classes,books and other docs/Semester 3/ICT for Health/Labs/Lab1/Lab1_parkinsons_main.py", line 153, in <module>
    gd.gradientDescent(stopping_condn = 10**-3,loop_limit=10**6,gamma=gamma_value)
  File "E:\PoliTo - Classes,books and other docs\Semester 3\ICT for Health\Labs\Lab1\RegressionTechniques.py", line 149, in gradientDescent
    self.logger.info ("GD- Final Change in W:" + str ((self.w_vector[i-1] - self.self.w_vector[i])))
AttributeError: 'RegressionTechniques' object has no attribute 'self'
2018-04-18 02:31:29,902 - __main__ - INFO - Starting to read the CSV....
2018-04-18 02:31:29,960 - __main__ - INFO - Creating the regrssion and plotter objects....
2018-04-18 02:31:29,963 - __main__ - INFO - Calculating MSE....
2018-04-18 02:31:29,965 - __main__ - INFO - Plotting MSE....
2018-04-18 02:31:34,392 - __main__ - INFO - Calculating Gradient Descent....
2018-04-18 02:31:34,407 - RegressionTechniques - INFO - GD- Final Change in Error:0.016066114734
2018-04-18 02:31:34,407 - RegressionTechniques - INFO - GD- Final Change in W:0.000660091418848
2018-04-18 02:31:34,407 - RegressionTechniques - INFO - Gradient Descent - No.of iterations required to reach stopping condn:35
2018-04-18 02:31:34,407 - RegressionTechniques - INFO - Gradient Descent - Value of error at stopping condn:0.877332557843
2018-04-18 02:31:34,408 - __main__ - INFO - Plotting Gradient Descent....
2018-04-18 02:31:49,969 - __main__ - INFO - Plotting Steepest Descent....
2018-04-18 02:32:02,163 - __main__ - INFO - Starting to read the CSV....
2018-04-18 02:32:02,222 - __main__ - INFO - Creating the regrssion and plotter objects....
2018-04-18 02:32:02,225 - __main__ - INFO - Calculating MSE....
2018-04-18 02:32:02,227 - __main__ - INFO - Plotting MSE....
2018-04-18 02:32:06,634 - __main__ - INFO - Calculating Gradient Descent....
2018-04-18 02:32:06,751 - RegressionTechniques - INFO - GD- Final Change in Error:0.000987880984602
2018-04-18 02:32:06,751 - RegressionTechniques - INFO - GD- Final Change in W:0.0032200550382
2018-04-18 02:32:06,751 - RegressionTechniques - INFO - Gradient Descent - No.of iterations required to reach stopping condn:364
2018-04-18 02:32:06,751 - RegressionTechniques - INFO - Gradient Descent - Value of error at stopping condn:0.170144472903
2018-04-18 02:32:06,752 - __main__ - INFO - Plotting Gradient Descent....
2018-04-18 02:32:19,000 - __main__ - INFO - Plotting Steepest Descent....
2018-04-18 02:32:32,039 - __main__ - INFO - Starting to read the CSV....
2018-04-18 02:32:32,100 - __main__ - INFO - Creating the regrssion and plotter objects....
2018-04-18 02:32:32,103 - __main__ - INFO - Calculating MSE....
2018-04-18 02:32:32,105 - __main__ - INFO - Plotting MSE....
2018-04-18 02:32:38,135 - __main__ - INFO - Calculating Gradient Descent....
2018-04-18 02:32:38,285 - RegressionTechniques - INFO - GD- Final Change in Error:9.97871520669e-05
2018-04-18 02:32:38,285 - RegressionTechniques - INFO - GD- Final Change in W:-0.000899892303167
2018-04-18 02:32:38,285 - RegressionTechniques - INFO - Gradient Descent - No.of iterations required to reach stopping condn:530
2018-04-18 02:32:38,286 - RegressionTechniques - INFO - Gradient Descent - Value of error at stopping condn:0.104300742072
2018-04-18 02:32:38,286 - __main__ - INFO - Plotting Gradient Descent....
2018-04-18 02:32:46,106 - __main__ - INFO - Plotting Steepest Descent....
2018-04-18 02:32:56,398 - __main__ - INFO - Starting to read the CSV....
2018-04-18 02:32:56,459 - __main__ - INFO - Creating the regrssion and plotter objects....
2018-04-18 02:32:56,462 - __main__ - INFO - Calculating MSE....
2018-04-18 02:32:56,464 - __main__ - INFO - Plotting MSE....
2018-04-18 02:33:01,682 - __main__ - INFO - Calculating Gradient Descent....
2018-04-18 02:33:01,865 - RegressionTechniques - INFO - GD- Final Change in Error:9.99256146562e-06
2018-04-18 02:33:01,865 - RegressionTechniques - INFO - GD- Final Change in W:0.000377729537726
2018-04-18 02:33:01,865 - RegressionTechniques - INFO - Gradient Descent - No.of iterations required to reach stopping condn:655
2018-04-18 02:33:01,865 - RegressionTechniques - INFO - Gradient Descent - Value of error at stopping condn:0.100788767558
2018-04-18 02:33:01,866 - __main__ - INFO - Plotting Gradient Descent....
2018-04-18 02:33:10,580 - __main__ - INFO - Plotting Steepest Descent....
2018-04-18 02:33:24,593 - __main__ - INFO - Starting to read the CSV....
2018-04-18 02:33:24,652 - __main__ - INFO - Creating the regrssion and plotter objects....
2018-04-18 02:33:24,655 - __main__ - INFO - Calculating MSE....
2018-04-18 02:33:24,657 - __main__ - INFO - Plotting MSE....
2018-04-18 02:33:29,315 - __main__ - INFO - Calculating Gradient Descent....
2018-04-18 02:33:32,566 - RegressionTechniques - INFO - GD- Final Change in Error:9.99802624024e-09
2018-04-18 02:33:32,566 - RegressionTechniques - INFO - GD- Final Change in W:7.48632751368e-06
2018-04-18 02:33:32,566 - RegressionTechniques - INFO - Gradient Descent - No.of iterations required to reach stopping condn:12880
2018-04-18 02:33:32,566 - RegressionTechniques - INFO - Gradient Descent - Value of error at stopping condn:0.0947021835809
2018-04-18 02:33:32,567 - __main__ - INFO - Plotting Gradient Descent....
2018-04-18 02:33:57,181 - __main__ - INFO - Plotting Steepest Descent....
2018-04-18 02:36:46,999 - __main__ - INFO - Starting to read the CSV....
2018-04-18 02:36:47,061 - __main__ - INFO - Creating the regrssion and plotter objects....
2018-04-18 02:36:47,064 - __main__ - INFO - Calculating MSE....
2018-04-18 02:36:47,066 - __main__ - INFO - Plotting MSE....
2018-04-18 02:36:51,823 - __main__ - INFO - Calculating Gradient Descent....
2018-04-18 02:36:53,524 - RegressionTechniques - INFO - GD- Final Change in Error:9.99883244257e-09
2018-04-18 02:36:53,524 - RegressionTechniques - INFO - GD- Final Change in W:7.23503312439e-06
2018-04-18 02:36:53,524 - RegressionTechniques - INFO - Gradient Descent - No.of iterations required to reach stopping condn:6714
2018-04-18 02:36:53,524 - RegressionTechniques - INFO - Gradient Descent - Value of error at stopping condn:0.0946932494458
2018-04-18 02:36:53,525 - __main__ - INFO - Plotting Gradient Descent....
2018-04-18 02:36:57,701 - __main__ - INFO - Calculating using Steepest Descent(Newton's method)....
2018-04-18 02:36:57,893 - RegressionTechniques - INFO - Steepest Descent- Final Change in Error:9.18690425122e-09
2018-04-18 02:36:57,893 - RegressionTechniques - INFO - Steepest Descent- Final Change in W:1.72110761998e-06
2018-04-18 02:36:57,894 - RegressionTechniques - INFO - Steepest Descent - No.of iterations required to reach stopping condn:644
2018-04-18 02:36:57,894 - RegressionTechniques - INFO - Steepest Descent - Value of error at stopping condn:0.094701497277
2018-04-18 02:36:57,894 - __main__ - INFO - Plotting Steepest Descent....
2018-04-18 02:46:43,317 - __main__ - INFO - Starting to read the CSV....
2018-04-18 02:46:43,376 - __main__ - INFO - Creating the regrssion and plotter objects....
2018-04-18 02:46:43,379 - __main__ - INFO - Calculating MSE....
2018-04-18 02:46:43,381 - __main__ - INFO - Plotting MSE....
2018-04-18 02:46:47,425 - __main__ - INFO - Calculating Gradient Descent....
2018-04-18 02:46:50,585 - RegressionTechniques - INFO - GD- Final Change in Error:9.99673319124e-09
2018-04-18 02:46:50,585 - RegressionTechniques - INFO - GD- Final Change in W:-7.15541982776e-07
2018-04-18 02:46:50,586 - RegressionTechniques - INFO - Gradient Descent - No.of iterations required to reach stopping condn:11950
2018-04-18 02:46:50,586 - RegressionTechniques - INFO - Gradient Descent - Value of error at stopping condn:0.094698447089
2018-04-18 02:46:50,586 - __main__ - INFO - Plotting Gradient Descent....
2018-04-18 02:46:54,169 - __main__ - INFO - Calculating using Steepest Descent(Newton's method)....
2018-04-18 02:46:54,362 - RegressionTechniques - INFO - Steepest Descent- Final Change in Error:7.74331052056e-09
2018-04-18 02:46:54,362 - RegressionTechniques - INFO - Steepest Descent- Final Change in W:1.17875621197e-06
2018-04-18 02:46:54,362 - RegressionTechniques - INFO - Steepest Descent - No.of iterations required to reach stopping condn:643
2018-04-18 02:46:54,363 - RegressionTechniques - INFO - Steepest Descent - Value of error at stopping condn:0.0946930901783
2018-04-18 02:46:54,363 - __main__ - INFO - Plotting Steepest Descent....
2018-04-18 02:48:02,328 - __main__ - INFO - Starting to read the CSV....
2018-04-18 02:48:02,387 - __main__ - INFO - Creating the regrssion and plotter objects....
2018-04-18 02:48:02,390 - __main__ - INFO - Calculating MSE....
2018-04-18 02:48:02,392 - __main__ - INFO - Plotting MSE....
2018-04-18 02:48:06,732 - __main__ - INFO - Calculating Gradient Descent....
2018-04-18 02:48:08,610 - RegressionTechniques - INFO - GD- Final Change in Error:9.99948861213e-09
2018-04-18 02:48:08,610 - RegressionTechniques - INFO - GD- Final Change in W:-1.09008703975e-06
2018-04-18 02:48:08,610 - RegressionTechniques - INFO - Gradient Descent - No.of iterations required to reach stopping condn:7209
2018-04-18 02:48:08,610 - RegressionTechniques - INFO - Gradient Descent - Value of error at stopping condn:0.0946881607228
2018-04-18 02:48:08,610 - __main__ - INFO - Plotting Gradient Descent....
2018-04-18 02:48:18,033 - __main__ - INFO - Calculating using Steepest Descent(Newton's method)....
2018-04-18 02:48:18,242 - RegressionTechniques - INFO - Steepest Descent- Final Change in Error:7.08605590871e-09
2018-04-18 02:48:18,242 - RegressionTechniques - INFO - Steepest Descent- Final Change in W:9.45725295853e-07
2018-04-18 02:48:18,242 - RegressionTechniques - INFO - Steepest Descent - No.of iterations required to reach stopping condn:694
2018-04-18 02:48:18,242 - RegressionTechniques - INFO - Steepest Descent - Value of error at stopping condn:0.0946902764635
2018-04-18 02:48:18,243 - __main__ - INFO - Plotting Steepest Descent....
2018-04-18 02:48:36,448 - __main__ - INFO - Starting to read the CSV....
2018-04-18 02:48:36,508 - __main__ - INFO - Creating the regrssion and plotter objects....
2018-04-18 02:48:36,512 - __main__ - INFO - Calculating MSE....
2018-04-18 02:48:36,514 - __main__ - INFO - Plotting MSE....
2018-04-18 02:48:49,109 - __main__ - INFO - Calculating Gradient Descent....
2018-04-18 02:48:49,115 - RegressionTechniques - INFO - GD- Final Change in Error:-9.11315914836e+13
2018-04-18 02:48:49,115 - RegressionTechniques - INFO - GD- Final Change in W:-2776573.32361
2018-04-18 02:48:49,115 - RegressionTechniques - INFO - Gradient Descent - No.of iterations required to reach stopping condn:1
2018-04-18 02:48:49,116 - RegressionTechniques - INFO - Gradient Descent - Value of error at stopping condn:9.11316152169e+13
2018-04-18 02:48:49,116 - __main__ - INFO - Plotting Gradient Descent....
2018-04-18 02:49:09,333 - __main__ - INFO - Calculating using Steepest Descent(Newton's method)....
2018-04-18 02:49:09,519 - RegressionTechniques - INFO - Steepest Descent- Final Change in Error:5.75006556258e-09
2018-04-18 02:49:09,519 - RegressionTechniques - INFO - Steepest Descent- Final Change in W:-6.48888219157e-07
2018-04-18 02:49:09,519 - RegressionTechniques - INFO - Steepest Descent - No.of iterations required to reach stopping condn:628
2018-04-18 02:49:09,519 - RegressionTechniques - INFO - Steepest Descent - Value of error at stopping condn:0.0946919122043
2018-04-18 02:49:09,520 - __main__ - INFO - Plotting Steepest Descent....
2018-04-18 02:50:21,880 - __main__ - INFO - Starting to read the CSV....
2018-04-18 02:50:21,939 - __main__ - INFO - Creating the regrssion and plotter objects....
2018-04-18 02:50:21,942 - __main__ - INFO - Calculating MSE....
2018-04-18 02:50:21,944 - __main__ - INFO - Plotting MSE....
2018-04-18 02:50:29,599 - __main__ - INFO - Calculating Gradient Descent....
2018-04-18 02:50:56,378 - __main__ - INFO - Starting to read the CSV....
2018-04-18 02:50:56,437 - __main__ - INFO - Creating the regrssion and plotter objects....
2018-04-18 02:50:56,440 - __main__ - INFO - Calculating MSE....
2018-04-18 02:50:56,442 - __main__ - INFO - Plotting MSE....
2018-04-18 02:51:00,523 - __main__ - INFO - Calculating Gradient Descent....
2018-04-18 02:51:13,283 - __main__ - INFO - Starting to read the CSV....
2018-04-18 02:51:13,341 - __main__ - INFO - Creating the regrssion and plotter objects....
2018-04-18 02:51:13,344 - __main__ - INFO - Calculating MSE....
2018-04-18 02:51:13,346 - __main__ - INFO - Plotting MSE....
2018-04-18 02:51:17,851 - __main__ - INFO - Calculating Gradient Descent....
2018-04-18 02:51:28,304 - __main__ - INFO - Starting to read the CSV....
2018-04-18 02:51:28,361 - __main__ - INFO - Creating the regrssion and plotter objects....
2018-04-18 02:51:28,364 - __main__ - INFO - Calculating MSE....
2018-04-18 02:51:28,366 - __main__ - INFO - Plotting MSE....
2018-04-18 02:51:33,043 - __main__ - INFO - Calculating Gradient Descent....
2018-04-18 02:51:35,911 - RegressionTechniques - INFO - GD- Final Change in Error:9.99999261175e-09
2018-04-18 02:51:35,911 - RegressionTechniques - INFO - GD- Final Change in W:4.92173634448e-06
2018-04-18 02:51:35,911 - RegressionTechniques - INFO - Gradient Descent - No.of iterations required to reach stopping condn:11035
2018-04-18 02:51:35,911 - RegressionTechniques - INFO - Gradient Descent - Value of error at stopping condn:0.0946970120127
2018-04-18 02:51:35,911 - __main__ - INFO - Plotting Gradient Descent....
2018-04-18 02:52:02,762 - __main__ - INFO - Calculating using Steepest Descent(Newton's method)....
2018-04-18 02:52:02,869 - RegressionTechniques - INFO - Steepest Descent- Final Change in Error:9.06916258758e-09
2018-04-18 02:52:02,869 - RegressionTechniques - INFO - Steepest Descent- Final Change in W:-4.33478595241e-08
2018-04-18 02:52:02,869 - RegressionTechniques - INFO - Steepest Descent - No.of iterations required to reach stopping condn:360
2018-04-18 02:52:02,869 - RegressionTechniques - INFO - Steepest Descent - Value of error at stopping condn:0.0946836547882
2018-04-18 02:52:02,869 - __main__ - INFO - Plotting Steepest Descent....
2018-05-07 00:47:54,640 - __main__ - INFO - Starting to read the CSV....
2018-05-07 00:47:54,700 - __main__ - INFO - Creating the regrssion and plotter objects....
2018-05-07 00:47:54,704 - __main__ - INFO - Calculating MSE....
2018-05-07 00:47:54,713 - __main__ - INFO - Plotting MSE....
2018-05-07 00:47:59,454 - __main__ - INFO - Calculating Gradient Descent....
2018-05-07 00:47:59,795 - RegressionTechniques - INFO - GD- Final Change in Error:1.14102491344e-09
2018-05-07 00:47:59,795 - RegressionTechniques - INFO - GD- Final Change in W:0.000225696494576
2018-05-07 00:47:59,796 - RegressionTechniques - INFO - Gradient Descent - No.of iterations required to reach stopping condn:1194
2018-05-07 00:47:59,796 - RegressionTechniques - INFO - Gradient Descent - Value of error at stopping condn:0.0388505347502
2018-05-07 00:47:59,796 - __main__ - INFO - Plotting Gradient Descent....
2018-05-07 00:48:14,308 - __main__ - INFO - Calculating using Steepest Descent(Newton's method)....
2018-05-07 00:48:14,829 - RegressionTechniques - INFO - Steepest Descent- Final Change in Error:9.39180772042e-09
2018-05-07 00:48:14,830 - RegressionTechniques - INFO - Steepest Descent- Final Change in W:2.26321524188e-07
2018-05-07 00:48:14,830 - RegressionTechniques - INFO - Steepest Descent - No.of iterations required to reach stopping condn:1737
2018-05-07 00:48:14,830 - RegressionTechniques - INFO - Steepest Descent - Value of error at stopping condn:0.0353594415431
2018-05-07 00:48:14,831 - __main__ - INFO - Plotting Steepest Descent....
2018-05-07 00:48:24,822 - __main__ - ERROR - Common failure at main
Traceback (most recent call last):
  File "E:/PoliTo - Classes,books and other docs/Semester 3/ICT for Health/Labs/Lab1/Lab1_parkinsons_main.py", line 181, in <module>
    rr.ridgeRegression (init_lambda=1,max_lamda=200,lambda_step=1,kfold_splits=5)
  File "E:\PoliTo - Classes,books and other docs\Semester 3\ICT for Health\Labs\Lab1\RegressionTechniques.py", line 283, in ridgeRegression
    self.data = np.concatenate ((self.x_data, self.y_data), axis=1)
ValueError: all the input arrays must have same number of dimensions
2018-05-07 00:54:08,724 - __main__ - INFO - Starting to read the CSV....
2018-05-07 00:54:08,784 - __main__ - INFO - Creating the regrssion and plotter objects....
2018-05-07 00:54:08,788 - __main__ - INFO - Calculating MSE....
2018-05-07 00:54:08,791 - __main__ - INFO - Plotting MSE....
2018-05-07 00:54:13,468 - __main__ - INFO - Calculating Gradient Descent....
2018-05-07 00:54:17,605 - RegressionTechniques - INFO - GD- Final Change in Error:9.99898328718e-09
2018-05-07 00:54:17,605 - RegressionTechniques - INFO - GD- Final Change in W:-9.27265186856e-08
2018-05-07 00:54:17,605 - RegressionTechniques - INFO - Gradient Descent - No.of iterations required to reach stopping condn:15844
2018-05-07 00:54:17,605 - RegressionTechniques - INFO - Gradient Descent - Value of error at stopping condn:0.0353967510257
2018-05-07 00:54:17,606 - __main__ - INFO - Plotting Gradient Descent....
2018-05-07 00:54:21,541 - __main__ - INFO - Calculating using Steepest Descent(Newton's method)....
2018-05-07 00:54:21,875 - RegressionTechniques - INFO - Steepest Descent- Final Change in Error:1.56649366395e-09
2018-05-07 00:54:21,875 - RegressionTechniques - INFO - Steepest Descent- Final Change in W:3.99775241133e-07
2018-05-07 00:54:21,876 - RegressionTechniques - INFO - Steepest Descent - No.of iterations required to reach stopping condn:1045
2018-05-07 00:54:21,876 - RegressionTechniques - INFO - Steepest Descent - Value of error at stopping condn:0.0353790988095
2018-05-07 00:54:21,876 - __main__ - INFO - Plotting Steepest Descent....
2018-05-07 00:54:28,348 - __main__ - ERROR - Common failure at main
Traceback (most recent call last):
  File "E:/PoliTo - Classes,books and other docs/Semester 3/ICT for Health/Labs/Lab1/Lab1_parkinsons_main.py", line 181, in <module>
    rr.ridgeRegression (init_lambda=1,max_lamda=200,lambda_step=1,kfold_splits=5)
  File "E:\PoliTo - Classes,books and other docs\Semester 3\ICT for Health\Labs\Lab1\RegressionTechniques.py", line 283, in ridgeRegression
    self.data = np.concatenate ((self.x_train, self.y_train), axis=1)
ValueError: all the input arrays must have same number of dimensions
